# JRE version: OpenJDK Runtime Environment Temurin-17.0.12+7 (17.0.12+7) (build 17.0.12+7)
# Java VM: OpenJDK 64-Bit Server VM Temurin-17.0.12+7 (17.0.12+7, mixed mode, tiered, compressed oops, compressed class ptrs, parallel gc, windows-amd64)
GC Precious Log:
 CPUs: 8 total, 8 available
 Memory: 7932M
 Large Page Support: Disabled
 NUMA Support: Disabled
 Compressed Oops: Enabled (32-bit)
 Alignments: Space 512K, Generation 512K, Heap 2M
 Heap Min Capacity: 100M
 Heap Initial Capacity: 100M
 Heap Max Capacity: 1G
 Pre-touch: Disabled
 Parallel Workers: 8
Heap:
 PSYoungGen      total 15360K, used 5128K [0x00000000eab00000, 0x00000000ebc80000, 0x0000000100000000)
  eden space 14848K, 31% used [0x00000000eab00000,0x00000000eaf82140,0x00000000eb980000)
  from space 512K, 100% used [0x00000000ebc00000,0x00000000ebc80000,0x00000000ebc80000)
  to   space 1024K, 0% used [0x00000000eba80000,0x00000000eba80000,0x00000000ebb80000)
 ParOldGen       total 68608K, used 43189K [0x00000000c0000000, 0x00000000c4300000, 0x00000000eab00000)
  object space 68608K, 62% used [0x00000000c0000000,0x00000000c2a2d6d0,0x00000000c4300000)
 Metaspace       used 72249K, committed 73472K, reserved 1114112K
  class space    used 8885K, committed 9408K, reserved 1048576K
GC Heap History (20 events):
Event: 23.273 GC heap before
{Heap before GC invocations=42 (full 3):
 PSYoungGen      total 15360K, used 15351K [0x00000000eab00000, 0x00000000ebf00000, 0x0000000100000000)
  eden space 14848K, 100% used [0x00000000eab00000,0x00000000eb980000,0x00000000eb980000)
  from space 512K, 98% used [0x00000000ebe80000,0x00000000ebefdc98,0x00000000ebf00000)
  to   space 1536K, 0% used [0x00000000ebc00000,0x00000000ebc00000,0x00000000ebd80000)
 ParOldGen       total 68608K, used 40391K [0x00000000c0000000, 0x00000000c4300000, 0x00000000eab00000)
  object space 68608K, 58% used [0x00000000c0000000,0x00000000c2771ef8,0x00000000c4300000)
 Metaspace       used 68153K, committed 69248K, reserved 1114112K
  class space    used 8347K, committed 8832K, reserved 1048576K
}
Event: 23.274 GC heap after
{Heap after GC invocations=42 (full 3):
 PSYoungGen      total 16384K, used 256K [0x00000000eab00000, 0x00000000ebf00000, 0x0000000100000000)
  eden space 14848K, 0% used [0x00000000eab00000,0x00000000eab00000,0x00000000eb980000)
  from space 1536K, 16% used [0x00000000ebc00000,0x00000000ebc40000,0x00000000ebd80000)
  to   space 1024K, 0% used [0x00000000ebe00000,0x00000000ebe00000,0x00000000ebf00000)
 ParOldGen       total 68608K, used 40455K [0x00000000c0000000, 0x00000000c4300000, 0x00000000eab00000)
  object space 68608K, 58% used [0x00000000c0000000,0x00000000c2781ef8,0x00000000c4300000)
 Metaspace       used 68153K, committed 69248K, reserved 1114112K
  class space    used 8347K, committed 8832K, reserved 1048576K
}
Event: 23.685 GC heap before
{Heap before GC invocations=43 (full 3):
 PSYoungGen      total 16384K, used 15104K [0x00000000eab00000, 0x00000000ebf00000, 0x0000000100000000)
  eden space 14848K, 100% used [0x00000000eab00000,0x00000000eb980000,0x00000000eb980000)
  from space 1536K, 16% used [0x00000000ebc00000,0x00000000ebc40000,0x00000000ebd80000)
  to   space 1024K, 0% used [0x00000000ebe00000,0x00000000ebe00000,0x00000000ebf00000)
 ParOldGen       total 68608K, used 40455K [0x00000000c0000000, 0x00000000c4300000, 0x00000000eab00000)
  object space 68608K, 58% used [0x00000000c0000000,0x00000000c2781ef8,0x00000000c4300000)
 Metaspace       used 68153K, committed 69248K, reserved 1114112K
  class space    used 8347K, committed 8832K, reserved 1048576K
}
Event: 23.687 GC heap after
{Heap after GC invocations=43 (full 3):
 PSYoungGen      total 15872K, used 1022K [0x00000000eab00000, 0x00000000ebf00000, 0x0000000100000000)
  eden space 14848K, 0% used [0x00000000eab00000,0x00000000eab00000,0x00000000eb980000)
  from space 1024K, 99% used [0x00000000ebe00000,0x00000000ebeff910,0x00000000ebf00000)
  to   space 1536K, 0% used [0x00000000ebc00000,0x00000000ebc00000,0x00000000ebd80000)
 ParOldGen       total 68608K, used 40625K [0x00000000c0000000, 0x00000000c4300000, 0x00000000eab00000)
  object space 68608K, 59% used [0x00000000c0000000,0x00000000c27ac618,0x00000000c4300000)
 Metaspace       used 68153K, committed 69248K, reserved 1114112K
  class space    used 8347K, committed 8832K, reserved 1048576K
}
Event: 25.382 GC heap before
{Heap before GC invocations=44 (full 3):
 PSYoungGen      total 15872K, used 15870K [0x00000000eab00000, 0x00000000ebf00000, 0x0000000100000000)
  eden space 14848K, 100% used [0x00000000eab00000,0x00000000eb980000,0x00000000eb980000)
  from space 1024K, 99% used [0x00000000ebe00000,0x00000000ebeff910,0x00000000ebf00000)
  to   space 1536K, 0% used [0x00000000ebc00000,0x00000000ebc00000,0x00000000ebd80000)
 ParOldGen       total 68608K, used 40625K [0x00000000c0000000, 0x00000000c4300000, 0x00000000eab00000)
  object space 68608K, 59% used [0x00000000c0000000,0x00000000c27ac618,0x00000000c4300000)
 Metaspace       used 68212K, committed 69312K, reserved 1114112K
  class space    used 8353K, committed 8832K, reserved 1048576K
}
Event: 25.389 GC heap after
{Heap after GC invocations=44 (full 3):
 PSYoungGen      total 16384K, used 642K [0x00000000eab00000, 0x00000000ebe80000, 0x0000000100000000)
  eden space 14848K, 0% used [0x00000000eab00000,0x00000000eab00000,0x00000000eb980000)
  from space 1536K, 41% used [0x00000000ebc00000,0x00000000ebca0818,0x00000000ebd80000)
  to   space 1024K, 0% used [0x00000000ebd80000,0x00000000ebd80000,0x00000000ebe80000)
 ParOldGen       total 68608K, used 40673K [0x00000000c0000000, 0x00000000c4300000, 0x00000000eab00000)
  object space 68608K, 59% used [0x00000000c0000000,0x00000000c27b8618,0x00000000c4300000)
 Metaspace       used 68212K, committed 69312K, reserved 1114112K
  class space    used 8353K, committed 8832K, reserved 1048576K
}
Event: 26.282 GC heap before
{Heap before GC invocations=45 (full 3):
 PSYoungGen      total 16384K, used 15490K [0x00000000eab00000, 0x00000000ebe80000, 0x0000000100000000)
  eden space 14848K, 100% used [0x00000000eab00000,0x00000000eb980000,0x00000000eb980000)
  from space 1536K, 41% used [0x00000000ebc00000,0x00000000ebca0818,0x00000000ebd80000)
  to   space 1024K, 0% used [0x00000000ebd80000,0x00000000ebd80000,0x00000000ebe80000)
 ParOldGen       total 68608K, used 40673K [0x00000000c0000000, 0x00000000c4300000, 0x00000000eab00000)
  object space 68608K, 59% used [0x00000000c0000000,0x00000000c27b8618,0x00000000c4300000)
 Metaspace       used 68958K, committed 70080K, reserved 1114112K
  class space    used 8481K, committed 8960K, reserved 1048576K
}
Event: 26.297 GC heap after
{Heap after GC invocations=45 (full 3):
 PSYoungGen      total 15872K, used 964K [0x00000000eab00000, 0x00000000ebe80000, 0x0000000100000000)
  eden space 14848K, 0% used [0x00000000eab00000,0x00000000eab00000,0x00000000eb980000)
  from space 1024K, 94% used [0x00000000ebd80000,0x00000000ebe71288,0x00000000ebe80000)
  to   space 1536K, 0% used [0x00000000ebb80000,0x00000000ebb80000,0x00000000ebd00000)
 ParOldGen       total 68608K, used 41304K [0x00000000c0000000, 0x00000000c4300000, 0x00000000eab00000)
  object space 68608K, 60% used [0x00000000c0000000,0x00000000c2856398,0x00000000c4300000)
 Metaspace       used 68958K, committed 70080K, reserved 1114112K
  class space    used 8481K, committed 8960K, reserved 1048576K
}
Event: 28.056 GC heap before
{Heap before GC invocations=46 (full 3):
 PSYoungGen      total 15872K, used 15812K [0x00000000eab00000, 0x00000000ebe80000, 0x0000000100000000)
  eden space 14848K, 100% used [0x00000000eab00000,0x00000000eb980000,0x00000000eb980000)
  from space 1024K, 94% used [0x00000000ebd80000,0x00000000ebe71288,0x00000000ebe80000)
  to   space 1536K, 0% used [0x00000000ebb80000,0x00000000ebb80000,0x00000000ebd00000)
 ParOldGen       total 68608K, used 41304K [0x00000000c0000000, 0x00000000c4300000, 0x00000000eab00000)
  object space 68608K, 60% used [0x00000000c0000000,0x00000000c2856398,0x00000000c4300000)
 Metaspace       used 69629K, committed 70720K, reserved 1114112K
  class space    used 8554K, committed 9024K, reserved 1048576K
}
Event: 28.062 GC heap after
{Heap after GC invocations=46 (full 3):
 PSYoungGen      total 16384K, used 699K [0x00000000eab00000, 0x00000000ebe00000, 0x0000000100000000)
  eden space 14848K, 0% used [0x00000000eab00000,0x00000000eab00000,0x00000000eb980000)
  from space 1536K, 45% used [0x00000000ebb80000,0x00000000ebc2eec8,0x00000000ebd00000)
  to   space 1024K, 0% used [0x00000000ebd00000,0x00000000ebd00000,0x00000000ebe00000)
 ParOldGen       total 68608K, used 41605K [0x00000000c0000000, 0x00000000c4300000, 0x00000000eab00000)
  object space 68608K, 60% used [0x00000000c0000000,0x00000000c28a14b8,0x00000000c4300000)
 Metaspace       used 69629K, committed 70720K, reserved 1114112K
  class space    used 8554K, committed 9024K, reserved 1048576K
}
Event: 28.418 GC heap before
{Heap before GC invocations=47 (full 3):
 PSYoungGen      total 16384K, used 15547K [0x00000000eab00000, 0x00000000ebe00000, 0x0000000100000000)
  eden space 14848K, 100% used [0x00000000eab00000,0x00000000eb980000,0x00000000eb980000)
  from space 1536K, 45% used [0x00000000ebb80000,0x00000000ebc2eec8,0x00000000ebd00000)
  to   space 1024K, 0% used [0x00000000ebd00000,0x00000000ebd00000,0x00000000ebe00000)
 ParOldGen       total 68608K, used 41605K [0x00000000c0000000, 0x00000000c4300000, 0x00000000eab00000)
  object space 68608K, 60% used [0x00000000c0000000,0x00000000c28a14b8,0x00000000c4300000)
 Metaspace       used 70101K, committed 71232K, reserved 1114112K
  class space    used 8621K, committed 9088K, reserved 1048576K
}
Event: 28.422 GC heap after
{Heap after GC invocations=47 (full 3):
 PSYoungGen      total 15872K, used 1003K [0x00000000eab00000, 0x00000000ebe00000, 0x0000000100000000)
  eden space 14848K, 0% used [0x00000000eab00000,0x00000000eab00000,0x00000000eb980000)
  from space 1024K, 98% used [0x00000000ebd00000,0x00000000ebdfaeb0,0x00000000ebe00000)
  to   space 1536K, 0% used [0x00000000ebb00000,0x00000000ebb00000,0x00000000ebc80000)
 ParOldGen       total 68608K, used 41919K [0x00000000c0000000, 0x00000000c4300000, 0x00000000eab00000)
  object space 68608K, 61% used [0x00000000c0000000,0x00000000c28efd30,0x00000000c4300000)
 Metaspace       used 70101K, committed 71232K, reserved 1114112K
  class space    used 8621K, committed 9088K, reserved 1048576K
}
Event: 29.286 GC heap before
{Heap before GC invocations=48 (full 3):
 PSYoungGen      total 15872K, used 15851K [0x00000000eab00000, 0x00000000ebe00000, 0x0000000100000000)
  eden space 14848K, 100% used [0x00000000eab00000,0x00000000eb980000,0x00000000eb980000)
  from space 1024K, 98% used [0x00000000ebd00000,0x00000000ebdfaeb0,0x00000000ebe00000)
  to   space 1536K, 0% used [0x00000000ebb00000,0x00000000ebb00000,0x00000000ebc80000)
 ParOldGen       total 68608K, used 41919K [0x00000000c0000000, 0x00000000c4300000, 0x00000000eab00000)
  object space 68608K, 61% used [0x00000000c0000000,0x00000000c28efd30,0x00000000c4300000)
 Metaspace       used 70220K, committed 71296K, reserved 1114112K
  class space    used 8635K, committed 9088K, reserved 1048576K
}
Event: 29.293 GC heap after
{Heap after GC invocations=48 (full 3):
 PSYoungGen      total 16384K, used 1110K [0x00000000eab00000, 0x00000000ebd80000, 0x0000000100000000)
  eden space 14848K, 0% used [0x00000000eab00000,0x00000000eab00000,0x00000000eb980000)
  from space 1536K, 72% used [0x00000000ebb00000,0x00000000ebc15a20,0x00000000ebc80000)
  to   space 1024K, 0% used [0x00000000ebc80000,0x00000000ebc80000,0x00000000ebd80000)
 ParOldGen       total 68608K, used 42087K [0x00000000c0000000, 0x00000000c4300000, 0x00000000eab00000)
  object space 68608K, 61% used [0x00000000c0000000,0x00000000c2919d60,0x00000000c4300000)
 Metaspace       used 70220K, committed 71296K, reserved 1114112K
  class space    used 8635K, committed 9088K, reserved 1048576K
}
Event: 29.656 GC heap before
{Heap before GC invocations=49 (full 3):
 PSYoungGen      total 16384K, used 15958K [0x00000000eab00000, 0x00000000ebd80000, 0x0000000100000000)
  eden space 14848K, 100% used [0x00000000eab00000,0x00000000eb980000,0x00000000eb980000)
  from space 1536K, 72% used [0x00000000ebb00000,0x00000000ebc15a20,0x00000000ebc80000)
  to   space 1024K, 0% used [0x00000000ebc80000,0x00000000ebc80000,0x00000000ebd80000)
 ParOldGen       total 68608K, used 42087K [0x00000000c0000000, 0x00000000c4300000, 0x00000000eab00000)
  object space 68608K, 61% used [0x00000000c0000000,0x00000000c2919d60,0x00000000c4300000)
 Metaspace       used 70220K, committed 71296K, reserved 1114112K
  class space    used 8635K, committed 9088K, reserved 1048576K
}
Event: 29.663 GC heap after
{Heap after GC invocations=49 (full 3):
 PSYoungGen      total 15872K, used 838K [0x00000000eab00000, 0x00000000ebd80000, 0x0000000100000000)
  eden space 14848K, 0% used [0x00000000eab00000,0x00000000eab00000,0x00000000eb980000)
  from space 1024K, 81% used [0x00000000ebc80000,0x00000000ebd518c0,0x00000000ebd80000)
  to   space 1024K, 0% used [0x00000000ebb80000,0x00000000ebb80000,0x00000000ebc80000)
 ParOldGen       total 68608K, used 42941K [0x00000000c0000000, 0x00000000c4300000, 0x00000000eab00000)
  object space 68608K, 62% used [0x00000000c0000000,0x00000000c29ef6a0,0x00000000c4300000)
 Metaspace       used 70220K, committed 71296K, reserved 1114112K
  class space    used 8635K, committed 9088K, reserved 1048576K
}
Event: 32.108 GC heap before
{Heap before GC invocations=50 (full 3):
 PSYoungGen      total 15872K, used 15686K [0x00000000eab00000, 0x00000000ebd80000, 0x0000000100000000)
  eden space 14848K, 100% used [0x00000000eab00000,0x00000000eb980000,0x00000000eb980000)
  from space 1024K, 81% used [0x00000000ebc80000,0x00000000ebd518c0,0x00000000ebd80000)
  to   space 1024K, 0% used [0x00000000ebb80000,0x00000000ebb80000,0x00000000ebc80000)
 ParOldGen       total 68608K, used 42941K [0x00000000c0000000, 0x00000000c4300000, 0x00000000eab00000)
  object space 68608K, 62% used [0x00000000c0000000,0x00000000c29ef6a0,0x00000000c4300000)
 Metaspace       used 70954K, committed 72064K, reserved 1114112K
  class space    used 8754K, committed 9216K, reserved 1048576K
}
Event: 32.116 GC heap after
{Heap after GC invocations=50 (full 3):
 PSYoungGen      total 15360K, used 352K [0x00000000eab00000, 0x00000000ebd00000, 0x0000000100000000)
  eden space 14848K, 0% used [0x00000000eab00000,0x00000000eab00000,0x00000000eb980000)
  from space 512K, 68% used [0x00000000ebb80000,0x00000000ebbd8000,0x00000000ebc00000)
  to   space 1024K, 0% used [0x00000000ebc00000,0x00000000ebc00000,0x00000000ebd00000)
 ParOldGen       total 68608K, used 42981K [0x00000000c0000000, 0x00000000c4300000, 0x00000000eab00000)
  object space 68608K, 62% used [0x00000000c0000000,0x00000000c29f96a0,0x00000000c4300000)
 Metaspace       used 70954K, committed 72064K, reserved 1114112K
  class space    used 8754K, committed 9216K, reserved 1048576K
}
Event: 64.964 GC heap before
{Heap before GC invocations=51 (full 3):
 PSYoungGen      total 15360K, used 15200K [0x00000000eab00000, 0x00000000ebd00000, 0x0000000100000000)
  eden space 14848K, 100% used [0x00000000eab00000,0x00000000eb980000,0x00000000eb980000)
  from space 512K, 68% used [0x00000000ebb80000,0x00000000ebbd8000,0x00000000ebc00000)
  to   space 1024K, 0% used [0x00000000ebc00000,0x00000000ebc00000,0x00000000ebd00000)
 ParOldGen       total 68608K, used 42981K [0x00000000c0000000, 0x00000000c4300000, 0x00000000eab00000)
  object space 68608K, 62% used [0x00000000c0000000,0x00000000c29f96a0,0x00000000c4300000)
 Metaspace       used 72060K, committed 73152K, reserved 1114112K
  class space    used 8864K, committed 9344K, reserved 1048576K
}
Event: 64.969 GC heap after
{Heap after GC invocations=51 (full 3):
 PSYoungGen      total 15360K, used 512K [0x00000000eab00000, 0x00000000ebc80000, 0x0000000100000000)
  eden space 14848K, 0% used [0x00000000eab00000,0x00000000eab00000,0x00000000eb980000)
  from space 512K, 100% used [0x00000000ebc00000,0x00000000ebc80000,0x00000000ebc80000)
  to   space 1024K, 0% used [0x00000000eba80000,0x00000000eba80000,0x00000000ebb80000)
 ParOldGen       total 68608K, used 43189K [0x00000000c0000000, 0x00000000c4300000, 0x00000000eab00000)
  object space 68608K, 62% used [0x00000000c0000000,0x00000000c2a2d6d0,0x00000000c4300000)
 Metaspace       used 72060K, committed 73152K, reserved 1114112K
  class space    used 8864K, committed 9344K, reserved 1048576K
}

