# JRE version: Java(TM) SE Runtime Environment (17.0.10+11) (build 17.0.10+11-LTS-240)
# Java VM: Java HotSpot(TM) 64-Bit Server VM (17.0.10+11-LTS-240, mixed mode, sharing, tiered, compressed oops, compressed class ptrs, g1 gc, windows-amd64)
GC Precious Log:
 CPUs: 8 total, 8 available
 Memory: 7932M
 Large Page Support: Disabled
 NUMA Support: Disabled
 Compressed Oops: Enabled (Zero based)
 Heap Region Size: 2M
 Heap Min Capacity: 8M
 Heap Initial Capacity: 124M
 Heap Max Capacity: 4G
 Pre-touch: Disabled
 Parallel Workers: 8
 Concurrent Workers: 2
 Concurrent Refinement Workers: 8
 Periodic GC: Disabled
Heap:
 garbage-first heap   total 102400K, used 53099K [0x0000000700000000, 0x0000000800000000)
  region size 2048K, 6 young (12288K), 2 survivors (4096K)
 Metaspace       used 60570K, committed 61184K, reserved 1114112K
  class space    used 8666K, committed 8960K, reserved 1048576K
GC Heap History (20 events):
Event: 18.352 GC heap before
{Heap before GC invocations=6 (full 0):
 garbage-first heap   total 102400K, used 29071K [0x0000000700000000, 0x0000000800000000)
  region size 2048K, 3 young (6144K), 2 survivors (4096K)
 Metaspace       used 28391K, committed 28800K, reserved 1114112K
  class space    used 4202K, committed 4416K, reserved 1048576K
}
Event: 18.358 GC heap after
{Heap after GC invocations=7 (full 0):
 garbage-first heap   total 102400K, used 27320K [0x0000000700000000, 0x0000000800000000)
  region size 2048K, 1 young (2048K), 1 survivors (2048K)
 Metaspace       used 28391K, committed 28800K, reserved 1114112K
  class space    used 4202K, committed 4416K, reserved 1048576K
}
Event: 19.865 GC heap before
{Heap before GC invocations=7 (full 0):
 garbage-first heap   total 102400K, used 68280K [0x0000000700000000, 0x0000000800000000)
  region size 2048K, 22 young (45056K), 1 survivors (2048K)
 Metaspace       used 33667K, committed 34112K, reserved 1114112K
  class space    used 4729K, committed 4992K, reserved 1048576K
}
Event: 19.871 GC heap after
{Heap after GC invocations=8 (full 0):
 garbage-first heap   total 102400K, used 31804K [0x0000000700000000, 0x0000000800000000)
  region size 2048K, 3 young (6144K), 3 survivors (6144K)
 Metaspace       used 33667K, committed 34112K, reserved 1114112K
  class space    used 4729K, committed 4992K, reserved 1048576K
}
Event: 21.045 GC heap before
{Heap before GC invocations=8 (full 0):
 garbage-first heap   total 102400K, used 48188K [0x0000000700000000, 0x0000000800000000)
  region size 2048K, 10 young (20480K), 3 survivors (6144K)
 Metaspace       used 35821K, committed 36160K, reserved 1114112K
  class space    used 4921K, committed 5120K, reserved 1048576K
}
Event: 21.053 GC heap after
{Heap after GC invocations=9 (full 0):
 garbage-first heap   total 102400K, used 32820K [0x0000000700000000, 0x0000000800000000)
  region size 2048K, 1 young (2048K), 1 survivors (2048K)
 Metaspace       used 35821K, committed 36160K, reserved 1114112K
  class space    used 4921K, committed 5120K, reserved 1048576K
}
Event: 22.948 GC heap before
{Heap before GC invocations=10 (full 0):
 garbage-first heap   total 102400K, used 75828K [0x0000000700000000, 0x0000000800000000)
  region size 2048K, 22 young (45056K), 1 survivors (2048K)
 Metaspace       used 37640K, committed 38080K, reserved 1114112K
  class space    used 5217K, committed 5440K, reserved 1048576K
}
Event: 22.954 GC heap after
{Heap after GC invocations=11 (full 0):
 garbage-first heap   total 102400K, used 35255K [0x0000000700000000, 0x0000000800000000)
  region size 2048K, 3 young (6144K), 3 survivors (6144K)
 Metaspace       used 37640K, committed 38080K, reserved 1114112K
  class space    used 5217K, committed 5440K, reserved 1048576K
}
Event: 26.403 GC heap before
{Heap before GC invocations=11 (full 0):
 garbage-first heap   total 102400K, used 74167K [0x0000000700000000, 0x0000000800000000)
  region size 2048K, 23 young (47104K), 3 survivors (6144K)
 Metaspace       used 41519K, committed 42048K, reserved 1114112K
  class space    used 5742K, committed 6016K, reserved 1048576K
}
Event: 26.412 GC heap after
{Heap after GC invocations=12 (full 0):
 garbage-first heap   total 102400K, used 37367K [0x0000000700000000, 0x0000000800000000)
  region size 2048K, 3 young (6144K), 3 survivors (6144K)
 Metaspace       used 41519K, committed 42048K, reserved 1114112K
  class space    used 5742K, committed 6016K, reserved 1048576K
}
Event: 29.671 GC heap before
{Heap before GC invocations=12 (full 0):
 garbage-first heap   total 102400K, used 78327K [0x0000000700000000, 0x0000000800000000)
  region size 2048K, 23 young (47104K), 3 survivors (6144K)
 Metaspace       used 45421K, committed 45952K, reserved 1114112K
  class space    used 6395K, committed 6656K, reserved 1048576K
}
Event: 29.683 GC heap after
{Heap after GC invocations=13 (full 0):
 garbage-first heap   total 102400K, used 39267K [0x0000000700000000, 0x0000000800000000)
  region size 2048K, 2 young (4096K), 2 survivors (4096K)
 Metaspace       used 45421K, committed 45952K, reserved 1114112K
  class space    used 6395K, committed 6656K, reserved 1048576K
}
Event: 31.568 GC heap before
{Heap before GC invocations=13 (full 0):
 garbage-first heap   total 102400K, used 80227K [0x0000000700000000, 0x0000000800000000)
  region size 2048K, 22 young (45056K), 2 survivors (4096K)
 Metaspace       used 50130K, committed 50688K, reserved 1114112K
  class space    used 7076K, committed 7360K, reserved 1048576K
}
Event: 31.574 GC heap after
{Heap after GC invocations=14 (full 0):
 garbage-first heap   total 102400K, used 41056K [0x0000000700000000, 0x0000000800000000)
  region size 2048K, 2 young (4096K), 2 survivors (4096K)
 Metaspace       used 50130K, committed 50688K, reserved 1114112K
  class space    used 7076K, committed 7360K, reserved 1048576K
}
Event: 33.178 GC heap before
{Heap before GC invocations=14 (full 0):
 garbage-first heap   total 102400K, used 82016K [0x0000000700000000, 0x0000000800000000)
  region size 2048K, 22 young (45056K), 2 survivors (4096K)
 Metaspace       used 54269K, committed 54912K, reserved 1114112K
  class space    used 7619K, committed 7936K, reserved 1048576K
}
Event: 33.185 GC heap after
{Heap after GC invocations=15 (full 0):
 garbage-first heap   total 102400K, used 43010K [0x0000000700000000, 0x0000000800000000)
  region size 2048K, 2 young (4096K), 2 survivors (4096K)
 Metaspace       used 54269K, committed 54912K, reserved 1114112K
  class space    used 7619K, committed 7936K, reserved 1048576K
}
Event: 34.525 GC heap before
{Heap before GC invocations=15 (full 0):
 garbage-first heap   total 102400K, used 81922K [0x0000000700000000, 0x0000000800000000)
  region size 2048K, 21 young (43008K), 2 survivors (4096K)
 Metaspace       used 58039K, committed 58688K, reserved 1114112K
  class space    used 8239K, committed 8576K, reserved 1048576K
}
Event: 34.533 GC heap after
{Heap after GC invocations=16 (full 0):
 garbage-first heap   total 102400K, used 45097K [0x0000000700000000, 0x0000000800000000)
  region size 2048K, 2 young (4096K), 2 survivors (4096K)
 Metaspace       used 58039K, committed 58688K, reserved 1114112K
  class space    used 8239K, committed 8576K, reserved 1048576K
}
Event: 35.652 GC heap before
{Heap before GC invocations=16 (full 0):
 garbage-first heap   total 102400K, used 65577K [0x0000000700000000, 0x0000000800000000)
  region size 2048K, 13 young (26624K), 2 survivors (4096K)
 Metaspace       used 60026K, committed 60608K, reserved 1114112K
  class space    used 8584K, committed 8896K, reserved 1048576K
}
Event: 35.660 GC heap after
{Heap after GC invocations=17 (full 0):
 garbage-first heap   total 102400K, used 46955K [0x0000000700000000, 0x0000000800000000)
  region size 2048K, 2 young (4096K), 2 survivors (4096K)
 Metaspace       used 60026K, committed 60608K, reserved 1114112K
  class space    used 8584K, committed 8896K, reserved 1048576K
}

